<?xml version="1.0" encoding="UTF-8"?>
<!-- Generated by org.testng.reporters.JUnitReportReporter -->
<testsuite hostname="LTIN282895" failures="0" tests="2" name="TestCase.TestCase2_UsedCarsDetails" time="44.454" errors="0" timestamp="2024-03-04T10:24:45 IST" skipped="0">
  <testcase classname="TestCase.TestCase2_UsedCarsDetails" name="UsedCarDetails" time="25.166"/>
  <testcase classname="TestCase.TestCase2_UsedCarsDetails" name="UsedCarDetails" time="19.288"/>
</testsuite> <!-- TestCase.TestCase2_UsedCarsDetails -->
