<?xml version="1.0" encoding="UTF-8"?>
<!-- Generated by org.testng.reporters.JUnitReportReporter -->
<testsuite hostname="LTIN282895" failures="0" tests="4" name="TestCase.TestCase1_UpcomingBikeDetails" time="50.223" errors="0" timestamp="2024-03-04T10:24:45 IST" skipped="0">
  <testcase classname="TestCase.TestCase1_UpcomingBikeDetails" name="clickNewBikes" time="6.278"/>
  <testcase classname="TestCase.TestCase1_UpcomingBikeDetails" name="clickNewBikes" time="6.361"/>
  <testcase classname="TestCase.TestCase1_UpcomingBikeDetails" name="clickUpcomingBikes" time="21.197"/>
  <testcase classname="TestCase.TestCase1_UpcomingBikeDetails" name="clickUpcomingBikes" time="16.387"/>
</testsuite> <!-- TestCase.TestCase1_UpcomingBikeDetails -->
