<?xml version="1.0" encoding="UTF-8"?>
<!-- Generated by org.testng.reporters.JUnitReportReporter -->
<testsuite hostname="LTIN282895" failures="0" tests="2" name="TestCase.TC003_GoogleLogin" time="10.856" errors="0" timestamp="2024-03-04T17:21:31 IST" skipped="0">
  <testcase classname="TestCase.TC003_GoogleLogin" name="verifyLoginPage" time="6.454"/>
  <testcase classname="TestCase.TC003_GoogleLogin" name="verifyLoginPage" time="4.402"/>
</testsuite> <!-- TestCase.TC003_GoogleLogin -->
