<?xml version="1.0" encoding="UTF-8"?>
<!-- Generated by org.testng.reporters.JUnitReportReporter -->
<testsuite hostname="LTIN282895" failures="0" tests="2" name="TestCase.TC002_UsedCarsDetails" time="42.709" errors="0" timestamp="2024-03-04T17:21:31 IST" skipped="0">
  <testcase classname="TestCase.TC002_UsedCarsDetails" name="UsedCarDetails" time="23.237"/>
  <testcase classname="TestCase.TC002_UsedCarsDetails" name="UsedCarDetails" time="19.472"/>
</testsuite> <!-- TestCase.TC002_UsedCarsDetails -->
