<?xml version="1.0" encoding="UTF-8"?>
<!-- Generated by org.testng.reporters.JUnitReportReporter -->
<testsuite hostname="LTIN282895" failures="0" tests="4" name="TestCase.TC001_UpBikeDetails" time="42.153" errors="0" timestamp="2024-03-04T17:21:31 IST" skipped="0">
  <testcase classname="TestCase.TC001_UpBikeDetails" name="clickUpcomingBikes" time="11.567"/>
  <testcase classname="TestCase.TC001_UpBikeDetails" name="clickNewBikes" time="9.641"/>
  <testcase classname="TestCase.TC001_UpBikeDetails" name="clickUpcomingBikes" time="14.343"/>
  <testcase classname="TestCase.TC001_UpBikeDetails" name="clickNewBikes" time="6.602"/>
</testsuite> <!-- TestCase.TC001_UpBikeDetails -->
