<?xml version="1.0" encoding="UTF-8"?>
<!-- Generated by org.testng.reporters.JUnitReportReporter -->
<testsuite hostname="LTIN282895" failures="0" tests="2" name="TestCase.TestCase3_GoogleLogin" time="17.622" errors="0" timestamp="2024-03-04T10:24:45 IST" skipped="0">
  <testcase classname="TestCase.TestCase3_GoogleLogin" name="verifyLoginPage" time="10.785"/>
  <testcase classname="TestCase.TestCase3_GoogleLogin" name="verifyLoginPage" time="6.837"/>
</testsuite> <!-- TestCase.TestCase3_GoogleLogin -->
