<?xml version="1.0" encoding="UTF-8"?>
<!-- Generated by org.testng.reporters.JUnitReportReporter -->
<testsuite hostname="LTIN282895" failures="0" tests="2" name="TestCase.TC004_GoogleSignup" time="18.141" errors="0" timestamp="2024-03-04T17:21:31 IST" skipped="0">
  <testcase classname="TestCase.TC004_GoogleSignup" name="verifyLoginPage" time="9.062"/>
  <testcase classname="TestCase.TC004_GoogleSignup" name="verifyLoginPage" time="9.079"/>
</testsuite> <!-- TestCase.TC004_GoogleSignup -->
