<?xml version="1.0" encoding="UTF-8"?>
<!-- Generated by org.testng.reporters.JUnitReportReporter -->
<testsuite hostname="LTIN282895" failures="0" tests="2" name="TestCase.TestCase4_GoogleSignup" time="24.093" errors="0" timestamp="2024-03-04T10:24:45 IST" skipped="0">
  <testcase classname="TestCase.TestCase4_GoogleSignup" name="verifyLoginPage" time="11.008"/>
  <testcase classname="TestCase.TestCase4_GoogleSignup" name="verifyLoginPage" time="13.085"/>
</testsuite> <!-- TestCase.TestCase4_GoogleSignup -->
